<?xml version="1.0" encoding="utf-8"?><testsuites name="pytest tests"><testsuite name="pytest" errors="0" failures="0" skipped="0" tests="21" time="3.388" timestamp="2026-03-27T14:33:36.069656+00:00" hostname="agent-env-12c21060-d262-47cd-8988-03a4a6517d49"><testcase classname="backend.tests.test_chatbot_api.TestChatbotQuery" name="test_query_medical_device_high_confidence" time="0.700" /><testcase classname="backend.tests.test_chatbot_api.TestChatbotQuery" name="test_query_orthopedic_implants" time="0.114" /><testcase classname="backend.tests.test_chatbot_api.TestChatbotQuery" name="test_query_off_topic_weather" time="0.122" /><testcase classname="backend.tests.test_chatbot_api.TestChatbotQuery" name="test_query_off_topic_sports" time="0.123" /><testcase classname="backend.tests.test_chatbot_api.TestChatbotQuery" name="test_query_trauma_plating" time="0.113" /><testcase classname="backend.tests.test_chatbot_api.TestChatbotQuery" name="test_query_knee_implants" time="0.118" /><testcase classname="backend.tests.test_chatbot_api.TestChatbotQuery" name="test_query_empty_question" time="0.115" /><testcase classname="backend.tests.test_chatbot_api.TestChatbotQuery" name="test_query_session_id_optional" time="0.197" /><testcase classname="backend.tests.test_chatbot_api.TestChatbotHistory" name="test_history_new_session" time="0.151" /><testcase classname="backend.tests.test_chatbot_api.TestChatbotHistory" name="test_history_after_query" time="0.240" /><testcase classname="backend.tests.test_chatbot_api.TestChatbotTelemetry" name="test_telemetry_query_event" time="0.104" /><testcase classname="backend.tests.test_chatbot_api.TestChatbotTelemetry" name="test_telemetry_handoff_offered" time="0.130" /><testcase classname="backend.tests.test_chatbot_api.TestChatbotTelemetry" name="test_telemetry_handoff_clicked" time="0.105" /><testcase classname="backend.tests.test_chatbot_api.TestChatbotTelemetry" name="test_telemetry_with_metadata" time="0.116" /><testcase classname="backend.tests.test_chatbot_api.TestChatbotSuggestions" name="test_suggestions_returns_list" time="0.122" /><testcase classname="backend.tests.test_chatbot_api.TestChatbotSuggestions" name="test_suggestions_content" time="0.112" /><testcase classname="backend.tests.test_chatbot_api.TestChatbotStats" name="test_stats_returns_shadow_db_info" time="0.132" /><testcase classname="backend.tests.test_chatbot_api.TestChatbotBrands" name="test_brands_returns_list" time="0.125" /><testcase classname="backend.tests.test_chatbot_api.TestChatbotProducts" name="test_products_returns_list" time="0.111" /><testcase classname="backend.tests.test_chatbot_api.TestChatbotProducts" name="test_products_filter_by_brand" time="0.127" /><testcase classname="backend.tests.test_chatbot_api.TestChatbotSKUs" name="test_skus_returns_list" time="0.120" /></testsuite></testsuites>