<?xml version="1.0" encoding="utf-8"?><testsuites name="pytest tests"><testsuite name="pytest" errors="0" failures="0" skipped="0" tests="22" time="32.457" timestamp="2026-03-26T06:23:33.556571+00:00" hostname="agent-env-8af8267a-a05d-47db-b876-e23c1eb9d42b"><testcase classname="backend.tests.test_automation_crm.TestAdminLogin" name="test_admin_login_with_password_admin" time="0.209" /><testcase classname="backend.tests.test_automation_crm.TestAdminLogin" name="test_admin_login_rejects_invalid_password" time="0.127" /><testcase classname="backend.tests.test_automation_crm.TestAutomationStatsEndpoint" name="test_automation_stats_returns_followup_stats" time="0.195" /><testcase classname="backend.tests.test_automation_crm.TestAutomationStatsEndpoint" name="test_automation_stats_returns_lead_stats" time="0.202" /><testcase classname="backend.tests.test_automation_crm.TestAutomationStatsEndpoint" name="test_automation_stats_requires_auth" time="0.215" /><testcase classname="backend.tests.test_automation_crm.TestFollowupQueueEndpoint" name="test_followup_queue_returns_pending_followups" time="0.216" /><testcase classname="backend.tests.test_automation_crm.TestFollowupQueueEndpoint" name="test_followup_queue_requires_auth" time="0.213" /><testcase classname="backend.tests.test_automation_crm.TestTriggerFollowupsEndpoint" name="test_trigger_followups_processes_due_followups" time="0.214" /><testcase classname="backend.tests.test_automation_crm.TestTriggerFollowupsEndpoint" name="test_trigger_followups_requires_auth" time="0.201" /><testcase classname="backend.tests.test_automation_crm.TestRescoreLeadsEndpoint" name="test_rescore_leads_reanalyzes_conversations" time="9.194" /><testcase classname="backend.tests.test_automation_crm.TestRescoreLeadsEndpoint" name="test_rescore_leads_requires_auth" time="0.308" /><testcase classname="backend.tests.test_automation_crm.TestWhatsAppWebhookWithAutomation" name="test_webhook_creates_conversation_on_first_message" time="8.342" /><testcase classname="backend.tests.test_automation_crm.TestWhatsAppWebhookWithAutomation" name="test_lead_auto_created_from_first_message" time="8.410" /><testcase classname="backend.tests.test_automation_crm.TestLeadScoringLogic" name="test_lead_scores_are_valid_labels" time="0.211" /><testcase classname="backend.tests.test_automation_crm.TestLeadScoringLogic" name="test_automation_stats_shows_score_breakdown" time="0.199" /><testcase classname="backend.tests.test_automation_crm.TestFollowupScheduling" name="test_followup_queue_has_score_labels" time="0.224" /><testcase classname="backend.tests.test_automation_crm.TestFollowupScheduling" name="test_manual_schedule_followups_for_phone" time="2.849" /><testcase classname="backend.tests.test_automation_crm.TestExistingConversationDrKumar" name="test_dr_kumar_conversation_exists" time="0.241" /><testcase classname="backend.tests.test_automation_crm.TestExistingConversationDrKumar" name="test_dr_kumar_lead_exists" time="0.201" /><testcase classname="backend.tests.test_automation_crm.TestExistingConversationDrKumar" name="test_dr_kumar_has_pending_followups" time="0.194" /><testcase classname="backend.tests.test_automation_crm.TestProductsPageStillWorks" name="test_products_endpoint_returns_data" time="0.108" /><testcase classname="backend.tests.test_automation_crm.TestProductsPageStillWorks" name="test_divisions_endpoint_returns_data" time="0.097" /></testsuite></testsuites>