<?xml version="1.0" encoding="utf-8"?><testsuites name="pytest tests"><testsuite name="pytest" errors="0" failures="0" skipped="0" tests="15" time="0.722" timestamp="2026-01-01T09:02:31.619192+00:00" hostname="agent-env-cd5468f8-c425-47e6-836b-c6c78f611046"><testcase classname="tests.test_orthoconnect_api.TestHealthAndMeta" name="test_api_health" time="0.069" /><testcase classname="tests.test_orthoconnect_api.TestHealthAndMeta" name="test_subspecialties_endpoint" time="0.034" /><testcase classname="tests.test_orthoconnect_api.TestDoctorProfile" name="test_get_doctor_profile_by_slug" time="0.034" /><testcase classname="tests.test_orthoconnect_api.TestDoctorProfile" name="test_doctor_profile_not_found" time="0.034" /><testcase classname="tests.test_orthoconnect_api.TestSearchFunctionality" name="test_smart_search_with_english" time="0.038" /><testcase classname="tests.test_orthoconnect_api.TestSearchFunctionality" name="test_smart_search_with_hindi" time="0.036" /><testcase classname="tests.test_orthoconnect_api.TestSearchFunctionality" name="test_smart_search_with_telugu" time="0.034" /><testcase classname="tests.test_orthoconnect_api.TestSearchFunctionality" name="test_search_requires_location" time="0.073" /><testcase classname="tests.test_orthoconnect_api.TestSearchFunctionality" name="test_profiles_search_endpoint" time="0.035" /><testcase classname="tests.test_orthoconnect_api.TestOTPAuthentication" name="test_request_otp" time="0.037" /><testcase classname="tests.test_orthoconnect_api.TestOTPAuthentication" name="test_verify_otp" time="0.067" /><testcase classname="tests.test_orthoconnect_api.TestOTPAuthentication" name="test_invalid_otp" time="0.037" /><testcase classname="tests.test_orthoconnect_api.TestAdminEndpoints" name="test_admin_login" time="0.032" /><testcase classname="tests.test_orthoconnect_api.TestAdminEndpoints" name="test_admin_login_invalid" time="0.031" /><testcase classname="tests.test_orthoconnect_api.TestAdminEndpoints" name="test_admin_list_surgeons" time="0.067" /></testsuite></testsuites>