<?xml version="1.0" encoding="utf-8"?><testsuites name="pytest tests"><testsuite name="pytest" errors="0" failures="0" skipped="0" tests="17" time="2.324" timestamp="2026-03-28T03:09:58.860105+00:00" hostname="agent-env-0ed5ba30-509a-4790-b0cb-ea5ca3ab1069"><testcase classname="backend.tests.test_phase5e_clinical_guardrails.TestClinicalLevelGuardrails" name="test_same_clinical_class_plates_pass" time="0.142" /><testcase classname="backend.tests.test_phase5e_clinical_guardrails.TestClinicalLevelGuardrails" name="test_different_clinical_class_plate_vs_screw_blocked" time="0.207" /><testcase classname="backend.tests.test_phase5e_clinical_guardrails.TestClinicalLevelGuardrails" name="test_cross_division_blocked" time="0.118" /><testcase classname="backend.tests.test_phase5e_clinical_guardrails.TestClinicalLevelGuardrails" name="test_same_clinical_class_reagents_pass" time="0.138" /><testcase classname="backend.tests.test_phase5e_clinical_guardrails.TestClinicalLevelGuardrails" name="test_different_clinical_class_reagent_vs_rapid_test_blocked" time="0.107" /><testcase classname="backend.tests.test_phase5e_clinical_guardrails.TestComparisonResponseFields" name="test_response_contains_all_new_fields" time="0.110" /><testcase classname="backend.tests.test_phase5e_clinical_guardrails.TestComparisonResponseFields" name="test_comparison_confidence_values" time="0.108" /><testcase classname="backend.tests.test_phase5e_clinical_guardrails.TestComparisonResponseFields" name="test_comparison_basis_values" time="0.111" /><testcase classname="backend.tests.test_phase5e_clinical_guardrails.TestTitleCaseFormatting" name="test_system_type_title_case" time="0.130" /><testcase classname="backend.tests.test_phase5e_clinical_guardrails.TestTitleCaseFormatting" name="test_implant_class_title_case" time="0.126" /><testcase classname="backend.tests.test_phase5e_clinical_guardrails.TestTitleCaseFormatting" name="test_product_card_values_formatted" time="0.126" /><testcase classname="backend.tests.test_phase5e_clinical_guardrails.TestSuggestionsWithClinicalFilter" name="test_suggestions_have_comparison_reason" time="0.235" /><testcase classname="backend.tests.test_phase5e_clinical_guardrails.TestSuggestionsWithClinicalFilter" name="test_suggestions_filtered_by_clinical_family" time="0.113" /><testcase classname="backend.tests.test_phase5e_clinical_guardrails.TestExistingEndpointsStillWork" name="test_divisions_endpoint" time="0.114" /><testcase classname="backend.tests.test_phase5e_clinical_guardrails.TestExistingEndpointsStillWork" name="test_product_detail_endpoint" time="0.113" /><testcase classname="backend.tests.test_phase5e_clinical_guardrails.TestExistingEndpointsStillWork" name="test_products_list_endpoint" time="0.132" /><testcase classname="backend.tests.test_phase5e_clinical_guardrails.TestExistingEndpointsStillWork" name="test_related_products_endpoint" time="0.139" /></testsuite></testsuites>