<?xml version="1.0" encoding="utf-8"?><testsuites name="pytest tests"><testsuite name="pytest" errors="0" failures="0" skipped="0" tests="21" time="2.764" timestamp="2026-03-27T17:41:26.598794+00:00" hostname="agent-env-439e5b02-7485-4efc-a172-4d52f69baec2"><testcase classname="tests.test_p1_grouping_fix.TestDivisionCounts" name="test_divisions_endpoint_returns_correct_counts" time="0.253" /><testcase classname="tests.test_p1_grouping_fix.TestTraumaDivisionProducts" name="test_trauma_returns_16_products" time="0.133" /><testcase classname="tests.test_p1_grouping_fix.TestTraumaDivisionProducts" name="test_armar_titanium_plates_not_in_listing" time="0.119" /><testcase classname="tests.test_p1_grouping_fix.TestTraumaDivisionProducts" name="test_armar_lps_plating_system_in_listing" time="0.118" /><testcase classname="tests.test_p1_grouping_fix.TestTraumaDivisionProducts" name="test_clavo_intramedullary_nail_not_in_listing" time="0.120" /><testcase classname="tests.test_p1_grouping_fix.TestTraumaDivisionProducts" name="test_only_one_pfrn_bolt_page" time="0.119" /><testcase classname="tests.test_p1_grouping_fix.TestTraumaDivisionProducts" name="test_pfrn_nail_page_exists" time="0.169" /><testcase classname="tests.test_p1_grouping_fix.TestTraumaDivisionProducts" name="test_clavo_elastic_pediatric_in_listing" time="0.114" /><testcase classname="tests.test_p1_grouping_fix.TestPFRNNailDetail" name="test_pfrn_nail_has_59_skus" time="0.113" /><testcase classname="tests.test_p1_grouping_fix.TestJointReplacementDivision" name="test_joint_replacement_has_4_products" time="0.109" /><testcase classname="tests.test_p1_grouping_fix.TestJointReplacementDivision" name="test_only_one_destiknee_entry" time="0.115" /><testcase classname="tests.test_p1_grouping_fix.TestDiagnosticsDivision" name="test_diagnostics_has_59_products" time="0.130" /><testcase classname="tests.test_p1_grouping_fix.TestDiagnosticsDivision" name="test_only_one_hiv_syphilis_page" time="0.128" /><testcase classname="tests.test_p1_grouping_fix.TestHiddenDuplicates" name="test_hidden_products_not_in_trauma" time="0.120" /><testcase classname="tests.test_p1_grouping_fix.TestHiddenDuplicates" name="test_hidden_products_not_in_joint_replacement" time="0.105" /><testcase classname="tests.test_p1_grouping_fix.TestARMARProductDetail" name="test_armar_slug_returns_renamed_product" time="0.119" /><testcase classname="tests.test_p1_grouping_fix.TestCLAVOElasticDetail" name="test_clavo_elastic_has_pediatric_context" time="0.110" /><testcase classname="tests.test_p1_grouping_fix.TestDivisionEndpoints" name="test_trauma_division_endpoint" time="0.159" /><testcase classname="tests.test_p1_grouping_fix.TestDivisionEndpoints" name="test_cardiovascular_division_endpoint" time="0.116" /><testcase classname="tests.test_p1_grouping_fix.TestDivisionEndpoints" name="test_diagnostics_division_endpoint" time="0.111" /><testcase classname="tests.test_p1_grouping_fix.TestDivisionEndpoints" name="test_joint_replacement_division_endpoint" time="0.119" /></testsuite></testsuites>