<?xml version="1.0" encoding="utf-8"?><testsuites name="pytest tests"><testsuite name="pytest" errors="0" failures="0" skipped="0" tests="40" time="7.660" timestamp="2026-03-28T09:46:48.077137+00:00" hostname="agent-env-5fee993d-9bf0-4d93-b1f7-ef2d3c811a4c"><testcase classname="backend.tests.test_review_dashboard_api.TestReviewDashboardAPI" name="test_review_stats_returns_200" time="0.294" /><testcase classname="backend.tests.test_review_dashboard_api.TestReviewDashboardAPI" name="test_review_stats_has_coverage_pct" time="0.158" /><testcase classname="backend.tests.test_review_dashboard_api.TestReviewDashboardAPI" name="test_review_stats_by_status_structure" time="0.156" /><testcase classname="backend.tests.test_review_dashboard_api.TestReviewDashboardAPI" name="test_review_stats_by_division_structure" time="0.188" /><testcase classname="backend.tests.test_review_dashboard_api.TestReviewDashboardAPI" name="test_review_stats_requires_auth" time="0.199" /><testcase classname="backend.tests.test_review_dashboard_api.TestReviewDashboardAPI" name="test_review_products_returns_200" time="0.182" /><testcase classname="backend.tests.test_review_dashboard_api.TestReviewDashboardAPI" name="test_review_products_pending_only_filter" time="0.158" /><testcase classname="backend.tests.test_review_dashboard_api.TestReviewDashboardAPI" name="test_review_products_pagination" time="0.200" /><testcase classname="backend.tests.test_review_dashboard_api.TestReviewDashboardAPI" name="test_review_products_division_filter" time="0.227" /><testcase classname="backend.tests.test_review_dashboard_api.TestReviewDashboardAPI" name="test_review_products_status_filter" time="0.204" /><testcase classname="backend.tests.test_review_dashboard_api.TestReviewDashboardAPI" name="test_review_products_action_filter" time="0.338" /><testcase classname="backend.tests.test_review_dashboard_api.TestReviewDashboardAPI" name="test_review_products_confidence_filter" time="0.162" /><testcase classname="backend.tests.test_review_dashboard_api.TestReviewDashboardAPI" name="test_review_products_brand_search" time="0.158" /><testcase classname="backend.tests.test_review_dashboard_api.TestReviewDashboardAPI" name="test_review_products_family_search" time="0.157" /><testcase classname="backend.tests.test_review_dashboard_api.TestReviewDashboardAPI" name="test_review_products_requires_auth" time="0.198" /><testcase classname="backend.tests.test_review_dashboard_api.TestReviewDashboardAPI" name="test_review_product_detail_returns_200" time="0.217" /><testcase classname="backend.tests.test_review_dashboard_api.TestReviewDashboardAPI" name="test_review_product_detail_comparison_fields" time="0.237" /><testcase classname="backend.tests.test_review_dashboard_api.TestReviewDashboardAPI" name="test_review_product_detail_404_for_invalid_slug" time="0.143" /><testcase classname="backend.tests.test_review_dashboard_api.TestReviewDashboardAPI" name="test_review_product_detail_requires_auth" time="0.213" /><testcase classname="backend.tests.test_review_dashboard_api.TestReviewDashboardAPI" name="test_review_families_returns_200" time="0.168" /><testcase classname="backend.tests.test_review_dashboard_api.TestReviewDashboardAPI" name="test_review_families_structure" time="0.159" /><testcase classname="backend.tests.test_review_dashboard_api.TestReviewDashboardAPI" name="test_review_families_division_filter" time="0.199" /><testcase classname="backend.tests.test_review_dashboard_api.TestReviewDashboardAPI" name="test_review_families_pending_only_filter" time="0.186" /><testcase classname="backend.tests.test_review_dashboard_api.TestReviewDashboardAPI" name="test_review_families_requires_auth" time="0.195" /><testcase classname="backend.tests.test_review_dashboard_api.TestReviewDashboardAPI" name="test_approve_product_returns_200" time="0.219" /><testcase classname="backend.tests.test_review_dashboard_api.TestReviewDashboardAPI" name="test_approve_product_404_for_invalid_slug" time="0.144" /><testcase classname="backend.tests.test_review_dashboard_api.TestReviewDashboardAPI" name="test_approve_product_requires_auth" time="0.207" /><testcase classname="backend.tests.test_review_dashboard_api.TestReviewDashboardAPI" name="test_reject_product_returns_200" time="0.187" /><testcase classname="backend.tests.test_review_dashboard_api.TestReviewDashboardAPI" name="test_reject_product_404_for_invalid_slug" time="0.140" /><testcase classname="backend.tests.test_review_dashboard_api.TestReviewDashboardAPI" name="test_reject_product_requires_auth" time="0.206" /><testcase classname="backend.tests.test_review_dashboard_api.TestReviewDashboardAPI" name="test_edit_approve_product_returns_200" time="0.196" /><testcase classname="backend.tests.test_review_dashboard_api.TestReviewDashboardAPI" name="test_edit_approve_product_404_for_invalid_slug" time="0.161" /><testcase classname="backend.tests.test_review_dashboard_api.TestReviewDashboardAPI" name="test_edit_approve_product_requires_auth" time="0.193" /><testcase classname="backend.tests.test_review_dashboard_api.TestReviewDashboardAPI" name="test_bulk_approve_by_slugs_returns_200" time="0.192" /><testcase classname="backend.tests.test_review_dashboard_api.TestReviewDashboardAPI" name="test_bulk_approve_by_family_returns_200" time="0.241" /><testcase classname="backend.tests.test_review_dashboard_api.TestReviewDashboardAPI" name="test_bulk_approve_requires_criteria" time="0.141" /><testcase classname="backend.tests.test_review_dashboard_api.TestReviewDashboardAPI" name="test_bulk_approve_requires_auth" time="0.198" /><testcase classname="backend.tests.test_review_dashboard_api.TestReviewDashboardAPI" name="test_promotion_log_exists" time="0.154" /><testcase classname="backend.tests.test_review_dashboard_api.TestReviewDashboardWithSpecificSlugs" name="test_specific_slug_myra_bms" time="0.141" /><testcase classname="backend.tests.test_review_dashboard_api.TestReviewDashboardWithSpecificSlugs" name="test_specific_slug_vircell_dengue" time="0.135" /></testsuite></testsuites>