<?xml version="1.0" encoding="utf-8"?><testsuites name="pytest tests"><testsuite name="pytest" errors="0" failures="0" skipped="0" tests="19" time="2.409" timestamp="2026-03-28T11:57:51.615605+00:00" hostname="agent-env-239baf88-ebc0-417c-9dc7-85d672a2a9bf"><testcase classname="backend.tests.test_catalog_live_push.TestCatalogDivisions" name="test_divisions_endpoint_returns_13_divisions" time="0.151" /><testcase classname="backend.tests.test_catalog_live_push.TestDivisionDetails" name="test_ent_division_has_38_products" time="0.119" /><testcase classname="backend.tests.test_catalog_live_push.TestDivisionDetails" name="test_endo_surgery_division_has_162_products" time="0.107" /><testcase classname="backend.tests.test_catalog_live_push.TestDivisionDetails" name="test_infection_prevention_division_has_80_products" time="0.106" /><testcase classname="backend.tests.test_catalog_live_push.TestDivisionDetails" name="test_sports_medicine_division_has_43_products" time="0.100" /><testcase classname="backend.tests.test_catalog_live_push.TestDivisionDetails" name="test_trauma_division_exists" time="0.145" /><testcase classname="backend.tests.test_catalog_live_push.TestDivisionDetails" name="test_cardiovascular_division_exists" time="0.127" /><testcase classname="backend.tests.test_catalog_live_push.TestDivisionDetails" name="test_diagnostics_division_exists" time="0.116" /><testcase classname="backend.tests.test_catalog_live_push.TestDivisionDetails" name="test_joint_replacement_division_exists" time="0.112" /><testcase classname="backend.tests.test_catalog_live_push.TestCatalogProducts" name="test_products_endpoint_returns_all_divisions" time="0.127" /><testcase classname="backend.tests.test_catalog_live_push.TestCatalogProducts" name="test_products_filter_by_endo_surgery" time="0.142" /><testcase classname="backend.tests.test_catalog_live_push.TestCatalogProducts" name="test_products_filter_by_ent" time="0.121" /><testcase classname="backend.tests.test_catalog_live_push.TestCatalogProducts" name="test_products_filter_by_infection_prevention" time="0.106" /><testcase classname="backend.tests.test_catalog_live_push.TestCatalogProducts" name="test_products_filter_by_sports_medicine" time="0.100" /><testcase classname="backend.tests.test_catalog_live_push.TestCatalogProducts" name="test_products_search_functionality" time="0.122" /><testcase classname="backend.tests.test_catalog_live_push.TestCatalogProducts" name="test_products_pagination" time="0.233" /><testcase classname="backend.tests.test_catalog_live_push.TestDivisionCounts" name="test_all_division_counts_sum_to_810" time="0.119" /><testcase classname="backend.tests.test_catalog_live_push.TestAdminLogin" name="test_admin_login_success" time="0.102" /><testcase classname="backend.tests.test_catalog_live_push.TestAdminLogin" name="test_admin_login_failure" time="0.097" /></testsuite></testsuites>