<?xml version="1.0" encoding="utf-8"?><testsuites name="pytest tests"><testsuite name="pytest" errors="0" failures="0" skipped="1" tests="15" time="2.225" timestamp="2026-03-27T18:24:45.322235+00:00" hostname="agent-env-0ed5ba30-509a-4790-b0cb-ea5ca3ab1069"><testcase classname="backend.tests.test_phase5a_clinical_reclassification.TestDivisionsEndpoint" name="test_divisions_returns_all_four" time="0.147" /><testcase classname="backend.tests.test_phase5a_clinical_reclassification.TestDivisionsEndpoint" name="test_divisions_have_product_counts" time="0.137" /><testcase classname="backend.tests.test_phase5a_clinical_reclassification.TestTraumaProductsReclassification" name="test_trauma_products_have_clinical_subtitle" time="0.120" /><testcase classname="backend.tests.test_phase5a_clinical_reclassification.TestTraumaProductsReclassification" name="test_trauma_titles_no_brand_prefix" time="0.148" /><testcase classname="backend.tests.test_phase5a_clinical_reclassification.TestDiagnosticsProductsReclassification" name="test_diagnostics_products_have_clinical_subtitle" time="0.167" /><testcase classname="backend.tests.test_phase5a_clinical_reclassification.TestDiagnosticsProductsReclassification" name="test_diagnostics_titles_check" time="0.150" /><testcase classname="backend.tests.test_phase5a_clinical_reclassification.TestCardiovascularProducts" name="test_cardiovascular_products_returned" time="0.129" /><testcase classname="backend.tests.test_phase5a_clinical_reclassification.TestCardiovascularProducts" name="test_cardiovascular_biomime_in_title" time="0.125" /><testcase classname="backend.tests.test_phase5a_clinical_reclassification.TestProductDetailClinicalSubtitle" name="test_product_detail_has_clinical_subtitle" time="0.241" /><testcase classname="backend.tests.test_phase5a_clinical_reclassification.TestProductDetailClinicalSubtitle" name="test_specific_product_ortho_smart" time="0.116"><skipped type="pytest.skip" message="ortho-smart product not found">/app/backend/tests/test_phase5a_clinical_reclassification.py:181: ortho-smart product not found</skipped></testcase><testcase classname="backend.tests.test_phase5a_clinical_reclassification.TestBrandIntelligenceEndpoint" name="test_armar_brand_intelligence" time="0.114" /><testcase classname="backend.tests.test_phase5a_clinical_reclassification.TestSpecificProductSlugs" name="test_2_4mm_lps_plate_product" time="0.110" /><testcase classname="backend.tests.test_phase5a_clinical_reclassification.TestSpecificProductSlugs" name="test_armar_titanium_plates_product" time="0.118" /><testcase classname="backend.tests.test_phase5a_clinical_reclassification.TestProductListFieldsPresent" name="test_product_list_fields" time="0.117" /><testcase classname="backend.tests.test_phase5a_clinical_reclassification.TestProductDetailFieldsPresent" name="test_product_detail_fields" time="0.230" /></testsuite></testsuites>