<?xml version="1.0" encoding="utf-8"?><testsuites name="pytest tests"><testsuite name="pytest" errors="0" failures="0" skipped="0" tests="13" time="1.757" timestamp="2026-03-27T16:36:17.496687+00:00" hostname="agent-env-12c21060-d262-47cd-8988-03a4a6517d49"><testcase classname="backend.tests.test_catalog_p0p1_polish.TestCatalogProductListP0P1" name="test_products_list_returns_image_type" time="0.173" /><testcase classname="backend.tests.test_catalog_p0p1_polish.TestCatalogProductListP0P1" name="test_products_list_returns_parent_brand" time="0.128" /><testcase classname="backend.tests.test_catalog_p0p1_polish.TestCatalogProductDetailP0" name="test_volar_rim_plate_has_image_type" time="0.122" /><testcase classname="backend.tests.test_catalog_p0p1_polish.TestCatalogProductDetailP0" name="test_volar_rim_plate_has_parent_brand" time="0.107" /><testcase classname="backend.tests.test_catalog_p0p1_polish.TestCatalogProductDetailP0" name="test_volar_rim_plate_title_cased_specs" time="0.111" /><testcase classname="backend.tests.test_catalog_p0p1_polish.TestCatalogProductDetailP0" name="test_volar_rim_plate_unified_coating_term" time="0.171" /><testcase classname="backend.tests.test_catalog_p0p1_polish.TestCatalogProductDetailP0" name="test_ortho_device_chat_returns_404" time="0.111" /><testcase classname="backend.tests.test_catalog_p0p1_polish.TestCatalogManyVariantProducts" name="test_clavo_nail_59_skus" time="0.119" /><testcase classname="backend.tests.test_catalog_p0p1_polish.TestCatalogManyVariantProducts" name="test_humerus_plates_83_skus" time="0.125" /><testcase classname="backend.tests.test_catalog_p0p1_polish.TestCatalogManyVariantProducts" name="test_armar_titanium_plates_16_skus" time="0.133" /><testcase classname="backend.tests.test_catalog_p0p1_polish.TestCatalogManyVariantProducts" name="test_anti_rotation_screw_5_skus" time="0.119" /><testcase classname="backend.tests.test_catalog_p0p1_polish.TestCatalogRelatedProducts" name="test_related_products_have_image_type" time="0.121" /><testcase classname="backend.tests.test_catalog_p0p1_polish.TestCatalogSKUSourceField" name="test_skus_have_source_field" time="0.149" /></testsuite></testsuites>