<?xml version="1.0" encoding="utf-8"?><testsuites name="pytest tests"><testsuite name="pytest" errors="0" failures="0" skipped="0" tests="11" time="1.823" timestamp="2026-04-19T13:46:57.076801+00:00" hostname="agent-env-bd0819d6-0574-4c76-98d0-e7e1094f60e7"><testcase classname="backend.tests.test_whatsapp_funnel_interactive_iter67" name="test_get_funnel_config" time="0.252" /><testcase classname="backend.tests.test_whatsapp_funnel_interactive_iter67" name="test_set_funnel_config_invalid" time="0.053" /><testcase classname="backend.tests.test_whatsapp_funnel_interactive_iter67" name="test_set_funnel_config_interactive_then_text" time="0.205" /><testcase classname="backend.tests.test_whatsapp_funnel_interactive_iter67" name="test_simulate_welcome_interactive" time="0.118" /><testcase classname="backend.tests.test_whatsapp_funnel_interactive_iter67" name="test_simulate_division_to_product_picker_interactive" time="0.058" /><testcase classname="backend.tests.test_whatsapp_funnel_interactive_iter67" name="test_simulate_product_to_detail_buttons" time="0.054" /><testcase classname="backend.tests.test_whatsapp_funnel_interactive_iter67" name="test_simulate_act_quote_creates_hot_lead" time="0.113" /><testcase classname="backend.tests.test_whatsapp_funnel_interactive_iter67" name="test_simulate_agent_handoff_text" time="0.159" /><testcase classname="backend.tests.test_whatsapp_funnel_interactive_iter67" name="test_simulate_text_mode_welcome" time="0.116" /><testcase classname="backend.tests.test_whatsapp_funnel_interactive_iter67" name="test_simulate_text_mode_division_to_products" time="0.168" /><testcase classname="backend.tests.test_whatsapp_funnel_interactive_iter67" name="test_funnel_test_interactive_graceful" time="0.446" /></testsuite></testsuites>