<?xml version="1.0" encoding="utf-8"?><testsuites name="pytest tests"><testsuite name="pytest" errors="0" failures="0" skipped="0" tests="11" time="3.999" timestamp="2026-01-01T16:59:54.779709+00:00" hostname="agent-env-18fb40b4-e16a-4d30-86b9-6341cde83412"><testcase classname="tests.test_discovery_iter12.TestAdminAuth" name="test_admin_login_success" time="0.089" /><testcase classname="tests.test_discovery_iter12.TestDiscoveryAPIs" name="test_discovery_stats_endpoint" time="0.077" /><testcase classname="tests.test_discovery_iter12.TestDiscoveryAPIs" name="test_discovery_history_endpoint" time="0.115" /><testcase classname="tests.test_discovery_iter12.TestDiscoveryAPIs" name="test_discovery_search_endpoint" time="0.254" /><testcase classname="tests.test_discovery_iter12.TestDiscoveryAPIs" name="test_discovery_import_endpoint" time="0.071" /><testcase classname="tests.test_discovery_iter12.TestDiscoveryAPIs" name="test_discovery_endpoints_require_auth" time="0.132" /><testcase classname="tests.test_discovery_iter12.TestZohoCampaignsAPIs" name="test_zoho_campaigns_lists_endpoint" time="1.690" /><testcase classname="tests.test_discovery_iter12.TestZohoCampaignsAPIs" name="test_zoho_campaigns_campaigns_endpoint" time="0.828" /><testcase classname="tests.test_discovery_iter12.TestCRMAPIs" name="test_crm_contacts_endpoint" time="0.530" /><testcase classname="tests.test_discovery_iter12.TestCRMAPIs" name="test_crm_stats_endpoint" time="0.110" /><testcase classname="tests.test_discovery_iter12.TestSurgeonsPagePerformance" name="test_profiles_all_endpoint" time="0.035" /></testsuite></testsuites>