<?xml version="1.0" encoding="utf-8"?><testsuites name="pytest tests"><testsuite name="pytest" errors="0" failures="0" skipped="0" tests="14" time="10.035" timestamp="2026-03-24T18:41:27.468857+00:00" hostname="agent-env-989579a6-1c37-4726-80e5-3ecca043a2b6"><testcase classname="backend.tests.test_whatsapp_integration.TestWhatsAppWebhook" name="test_webhook_accepts_message_received_event" time="0.245" /><testcase classname="backend.tests.test_whatsapp_integration.TestWhatsAppWebhook" name="test_webhook_handles_invalid_payload" time="1.256" /><testcase classname="backend.tests.test_whatsapp_integration.TestWhatsAppWebhook" name="test_webhook_handles_empty_message" time="2.733" /><testcase classname="backend.tests.test_whatsapp_integration.TestAdminWhatsAppEndpoints" name="test_get_conversations_list" time="0.527" /><testcase classname="backend.tests.test_whatsapp_integration.TestAdminWhatsAppEndpoints" name="test_get_conversation_detail" time="0.279" /><testcase classname="backend.tests.test_whatsapp_integration.TestAdminWhatsAppEndpoints" name="test_get_nonexistent_conversation" time="0.273" /><testcase classname="backend.tests.test_whatsapp_integration.TestAdminWhatsAppEndpoints" name="test_conversations_require_auth" time="0.257" /><testcase classname="backend.tests.test_whatsapp_integration.TestAdminWhatsAppActions" name="test_admin_send_reply" time="1.180" /><testcase classname="backend.tests.test_whatsapp_integration.TestAdminWhatsAppActions" name="test_admin_send_requires_phone_and_message" time="0.338" /><testcase classname="backend.tests.test_whatsapp_integration.TestAdminWhatsAppActions" name="test_admin_takeover_conversation" time="0.366" /><testcase classname="backend.tests.test_whatsapp_integration.TestAdminWhatsAppActions" name="test_admin_automate_conversation" time="0.346" /><testcase classname="backend.tests.test_whatsapp_integration.TestWebhookHumanModeHandling" name="test_webhook_stores_message_in_human_mode_without_ai_reply" time="1.662" /><testcase classname="backend.tests.test_whatsapp_integration.TestLeadAutoCreation" name="test_conversation_has_lead_created_flag" time="0.223" /><testcase classname="backend.tests.test_whatsapp_integration.TestLeadAutoCreation" name="test_lead_exists_with_whatsapp_source" time="0.285" /></testsuite></testsuites>