<?xml version="1.0" encoding="utf-8"?><testsuites name="pytest tests"><testsuite name="pytest" errors="0" failures="0" skipped="0" tests="9" time="0.653" timestamp="2026-01-01T14:21:57.070216+00:00" hostname="agent-env-42a3d8f0-42e3-4be3-b364-21a3b0fbcfeb"><testcase classname="tests.test_document_features_iter11.TestAdminLogin" name="test_admin_login_success" time="0.068" /><testcase classname="tests.test_document_features_iter11.TestAdminLogin" name="test_admin_login_wrong_password" time="0.074" /><testcase classname="tests.test_document_features_iter11.TestAdminSurgeonsList" name="test_get_pending_surgeons" time="0.077" /><testcase classname="tests.test_document_features_iter11.TestAdminSurgeonsList" name="test_get_all_surgeons_with_documents" time="0.068" /><testcase classname="tests.test_document_features_iter11.TestAdminSurgeonsList" name="test_document_download_endpoint" time="0.104" /><testcase classname="tests.test_document_features_iter11.TestAdminSurgeonsList" name="test_document_download_without_auth" time="0.032" /><testcase classname="tests.test_document_features_iter11.TestSurgeonProfileEndpoints" name="test_surgeon_profile_get_without_auth" time="0.078" /><testcase classname="tests.test_document_features_iter11.TestSurgeonProfileEndpoints" name="test_surgeon_document_upload_without_auth" time="0.032" /><testcase classname="tests.test_document_features_iter11.TestSurgeonProfileResponse" name="test_surgeon_admin_response_has_documents_field" time="0.068" /></testsuite></testsuites>