<?xml version="1.0" encoding="utf-8"?><testsuites name="pytest tests"><testsuite name="pytest" errors="0" failures="0" skipped="0" tests="20" time="1.288" timestamp="2026-01-01T11:04:30.351497+00:00" hostname="agent-env-11ea20c6-aa4b-40a5-b314-874584d31efc"><testcase classname="tests.test_new_features_iter10.TestAdminAuth" name="test_admin_login_success" time="0.052" /><testcase classname="tests.test_new_features_iter10.TestAdminAuth" name="test_admin_login_failure" time="0.036" /><testcase classname="tests.test_new_features_iter10.TestAdminAnalytics" name="test_admin_analytics_endpoint" time="0.073" /><testcase classname="tests.test_new_features_iter10.TestAdminAnalytics" name="test_admin_analytics_requires_auth" time="0.035" /><testcase classname="tests.test_new_features_iter10.TestCSVExport" name="test_csv_export_endpoint" time="0.066" /><testcase classname="tests.test_new_features_iter10.TestCSVExport" name="test_csv_export_requires_auth" time="0.034" /><testcase classname="tests.test_new_features_iter10.TestProfileViews" name="test_profile_view_tracking" time="0.176" /><testcase classname="tests.test_new_features_iter10.TestProfileViews" name="test_profile_view_invalid_slug" time="0.037" /><testcase classname="tests.test_new_features_iter10.TestEventsPage" name="test_events_list_endpoint" time="0.074" /><testcase classname="tests.test_new_features_iter10.TestEventsPage" name="test_create_event_admin" time="0.119" /><testcase classname="tests.test_new_features_iter10.TestBlogPage" name="test_articles_list_endpoint" time="0.035" /><testcase classname="tests.test_new_features_iter10.TestBlogPage" name="test_articles_filter_by_category" time="0.031" /><testcase classname="tests.test_new_features_iter10.TestBlogPage" name="test_create_article_admin" time="0.104" /><testcase classname="tests.test_new_features_iter10.TestReferralSystem" name="test_referral_code_requires_auth" time="0.031" /><testcase classname="tests.test_new_features_iter10.TestReferralSystem" name="test_apply_referral_requires_auth" time="0.036" /><testcase classname="tests.test_new_features_iter10.TestPWASupport" name="test_manifest_json_served" time="0.036" /><testcase classname="tests.test_new_features_iter10.TestPWASupport" name="test_service_worker_served" time="0.034" /><testcase classname="tests.test_new_features_iter10.TestEmailNotificationEndpoint" name="test_admin_can_update_surgeon_status" time="0.097" /><testcase classname="tests.test_new_features_iter10.TestAPIHealth" name="test_api_root" time="0.030" /><testcase classname="tests.test_new_features_iter10.TestAPIHealth" name="test_subspecialties_endpoint" time="0.033" /></testsuite></testsuites>