<?xml version="1.0" encoding="utf-8"?><testsuites name="pytest tests"><testsuite name="pytest" errors="0" failures="0" skipped="0" tests="23" time="8.194" timestamp="2026-03-24T16:55:50.545309+00:00" hostname="agent-env-360d62f3-5ef2-436f-a52a-8e56fdbb9ae9"><testcase classname="backend.tests.test_phase3_pdf_import.TestPDFImportEndpoints" name="test_list_imports_requires_auth" time="0.302" /><testcase classname="backend.tests.test_phase3_pdf_import.TestPDFImportEndpoints" name="test_list_imports_returns_imports" time="0.266" /><testcase classname="backend.tests.test_phase3_pdf_import.TestPDFImportEndpoints" name="test_get_import_detail_requires_auth" time="0.359" /><testcase classname="backend.tests.test_phase3_pdf_import.TestPDFImportEndpoints" name="test_get_import_detail_returns_full_data" time="0.429" /><testcase classname="backend.tests.test_phase3_pdf_import.TestPDFImportEndpoints" name="test_get_import_invalid_id" time="0.252" /><testcase classname="backend.tests.test_phase3_pdf_import.TestPDFImportEndpoints" name="test_get_import_not_found" time="0.211" /><testcase classname="backend.tests.test_phase3_pdf_import.TestPDFUpload" name="test_upload_pdf_requires_auth" time="0.214" /><testcase classname="backend.tests.test_phase3_pdf_import.TestPDFUpload" name="test_upload_non_pdf_rejected" time="0.240" /><testcase classname="backend.tests.test_phase3_pdf_import.TestImportApproval" name="test_approve_requires_auth" time="0.447" /><testcase classname="backend.tests.test_phase3_pdf_import.TestImportApproval" name="test_approve_single_product" time="0.739" /><testcase classname="backend.tests.test_phase3_pdf_import.TestImportApproval" name="test_approve_invalid_import_id" time="0.268" /><testcase classname="backend.tests.test_phase3_pdf_import.TestImportApproval" name="test_approve_not_found" time="0.320" /><testcase classname="backend.tests.test_phase3_pdf_import.TestImportProductEdit" name="test_edit_product_requires_auth" time="0.260" /><testcase classname="backend.tests.test_phase3_pdf_import.TestImportProductEdit" name="test_edit_product_updates_fields" time="0.865" /><testcase classname="backend.tests.test_phase3_pdf_import.TestImportProductEdit" name="test_edit_product_not_found" time="0.376" /><testcase classname="backend.tests.test_phase3_pdf_import.TestImportProductDelete" name="test_delete_product_requires_auth" time="0.211" /><testcase classname="backend.tests.test_phase3_pdf_import.TestImportProductDelete" name="test_delete_product_not_found" time="0.369" /><testcase classname="backend.tests.test_phase3_pdf_import.TestAdminSidebarNavigation" name="test_all_admin_endpoints_accessible" time="0.835" /><testcase classname="backend.tests.test_phase3_pdf_import.TestPreviousPhasesStillWork" name="test_health_endpoint" time="0.101" /><testcase classname="backend.tests.test_phase3_pdf_import.TestPreviousPhasesStillWork" name="test_divisions_endpoint" time="0.183" /><testcase classname="backend.tests.test_phase3_pdf_import.TestPreviousPhasesStillWork" name="test_products_endpoint" time="0.110" /><testcase classname="backend.tests.test_phase3_pdf_import.TestPreviousPhasesStillWork" name="test_lead_creation" time="0.342" /><testcase classname="backend.tests.test_phase3_pdf_import.TestCleanup" name="test_cleanup_test_data" time="0.388" /></testsuite></testsuites>