<?xml version="1.0" encoding="utf-8"?><testsuites name="pytest tests"><testsuite name="pytest" errors="0" failures="0" skipped="0" tests="11" time="1.870" timestamp="2026-03-24T17:29:27.605890+00:00" hostname="agent-env-989579a6-1c37-4726-80e5-3ecca043a2b6"><testcase classname="backend.tests.test_product_detail.TestProductDetailAPI" name="test_health_check" time="0.164" /><testcase classname="backend.tests.test_product_detail.TestProductDetailAPI" name="test_get_product_by_id" time="0.106" /><testcase classname="backend.tests.test_product_detail.TestProductDetailAPI" name="test_get_product_invalid_id" time="0.108" /><testcase classname="backend.tests.test_product_detail.TestProductDetailAPI" name="test_get_product_not_found" time="0.126" /><testcase classname="backend.tests.test_product_detail.TestProductDetailAPI" name="test_get_related_products_by_division" time="0.151" /><testcase classname="backend.tests.test_product_detail.TestLeadSubmissionAPI" name="test_submit_lead_success" time="0.138" /><testcase classname="backend.tests.test_product_detail.TestLeadSubmissionAPI" name="test_submit_lead_minimal_data" time="0.146" /><testcase classname="backend.tests.test_product_detail.TestLeadSubmissionAPI" name="test_submit_lead_missing_name" time="0.109" /><testcase classname="backend.tests.test_product_detail.TestLeadSubmissionAPI" name="test_submit_lead_missing_phone" time="0.105" /><testcase classname="backend.tests.test_product_detail.TestDivisionsAPI" name="test_get_divisions" time="0.130" /><testcase classname="backend.tests.test_product_detail.TestCleanup" name="test_cleanup_test_leads" time="0.480" /></testsuite></testsuites>