<?xml version="1.0" encoding="utf-8"?><testsuites name="pytest tests"><testsuite name="pytest" errors="0" failures="0" skipped="0" tests="12" time="32.994" timestamp="2026-03-24T18:25:11.453549+00:00" hostname="agent-env-989579a6-1c37-4726-80e5-3ecca043a2b6"><testcase classname="backend.tests.test_chat_api.TestChatSuggestions" name="test_suggestions_returns_5_items" time="0.261" /><testcase classname="backend.tests.test_chat_api.TestChatAPI" name="test_chat_with_message_returns_response" time="7.077" /><testcase classname="backend.tests.test_chat_api.TestChatAPI" name="test_chat_product_search_titanium_plates" time="6.590" /><testcase classname="backend.tests.test_chat_api.TestChatAPI" name="test_chat_multi_turn_conversation" time="12.591" /><testcase classname="backend.tests.test_chat_api.TestChatAPI" name="test_chat_empty_message_returns_400" time="0.054" /><testcase classname="backend.tests.test_chat_api.TestChatHistory" name="test_chat_history_returns_messages" time="5.895" /><testcase classname="backend.tests.test_chat_api.TestChatHistory" name="test_chat_history_nonexistent_session" time="0.058" /><testcase classname="backend.tests.test_chat_api.TestChatLeadCapture" name="test_lead_capture_with_valid_data" time="0.055" /><testcase classname="backend.tests.test_chat_api.TestChatLeadCapture" name="test_lead_capture_minimal_data" time="0.050" /><testcase classname="backend.tests.test_chat_api.TestChatLeadCapture" name="test_lead_capture_missing_name_returns_400" time="0.047" /><testcase classname="backend.tests.test_chat_api.TestChatLeadCapture" name="test_lead_capture_missing_phone_returns_400" time="0.050" /><testcase classname="backend.tests.test_chat_api.TestCleanup" name="test_cleanup_test_leads" time="0.203" /></testsuite></testsuites>