<?xml version="1.0" encoding="utf-8"?><testsuites name="pytest tests"><testsuite name="pytest" errors="0" failures="1" skipped="0" tests="8" time="6.843" timestamp="2026-01-01T09:21:42.904050+00:00" hostname="agent-env-cd5468f8-c425-47e6-836b-c6c78f611046"><testcase classname="tests.test_resend_otp_photo_upload.TestOTPResendFlow" name="test_otp_request_returns_ok" time="0.657" /><testcase classname="tests.test_resend_otp_photo_upload.TestOTPResendFlow" name="test_otp_resend_works_same_as_request" time="1.196" /><testcase classname="tests.test_resend_otp_photo_upload.TestOTPResendFlow" name="test_otp_request_with_valid_indian_number" time="1.072" /><testcase classname="tests.test_resend_otp_photo_upload.TestProfilePhotoUpload" name="test_photo_upload_requires_profile_first" time="1.432"><failure message="AssertionError: Expected 404, got 200: {&quot;ok&quot;:true,&quot;photo_visibility&quot;:&quot;admin_only&quot;}&#10;assert 200 == 404&#10; +  where 200 = &lt;Response [200]&gt;.status_code">tests/test_resend_otp_photo_upload.py:112: in test_photo_upload_requires_profile_first
    assert response.status_code == 404, f"Expected 404, got {response.status_code}: {response.text}"
E   AssertionError: Expected 404, got 200: {"ok":true,"photo_visibility":"admin_only"}
E   assert 200 == 404
E    +  where 200 = &lt;Response [200]&gt;.status_code</failure></testcase><testcase classname="tests.test_resend_otp_photo_upload.TestProfilePhotoUpload" name="test_photo_upload_after_profile_creation" time="0.718" /><testcase classname="tests.test_resend_otp_photo_upload.TestProfilePhotoUpload" name="test_photo_upload_accepts_jpg" time="0.695" /><testcase classname="tests.test_resend_otp_photo_upload.TestProfilePhotoUpload" name="test_photo_upload_rejects_invalid_format" time="0.961" /><testcase classname="tests.test_resend_otp_photo_upload.TestAPIHealth" name="test_api_root" time="0.035" /></testsuite></testsuites>