<?xml version="1.0" encoding="utf-8"?><testsuites name="pytest tests"><testsuite name="pytest" errors="0" failures="0" skipped="0" tests="13" time="25.777" timestamp="2026-03-24T17:09:31.980916+00:00" hostname="agent-env-360d62f3-5ef2-436f-a52a-8e56fdbb9ae9"><testcase classname="backend.tests.test_deduplication.TestDeduplicationBackend" name="test_existing_imports_have_dup_status" time="0.482" /><testcase classname="backend.tests.test_deduplication.TestDeduplicationBackend" name="test_duplicate_import_has_dup_status_duplicate" time="0.339" /><testcase classname="backend.tests.test_deduplication.TestDeduplicationBackend" name="test_duplicate_products_have_dup_skipped_after_approval" time="0.389" /><testcase classname="backend.tests.test_deduplication.TestDeduplicationBackend" name="test_approve_duplicates_returns_skipped_count" time="0.811" /><testcase classname="backend.tests.test_deduplication.TestDeduplicationBackend" name="test_product_count_unchanged_after_approving_duplicates" time="0.834" /><testcase classname="backend.tests.test_deduplication.TestDeduplicationBackend" name="test_sku_uniqueness_enforced" time="0.356" /><testcase classname="backend.tests.test_deduplication.TestDeduplicationWithNewPDF" name="test_upload_pdf_with_existing_products" time="21.542" /><testcase classname="backend.tests.test_deduplication.TestPreviousFeaturesStillWork" name="test_health_endpoint" time="0.129" /><testcase classname="backend.tests.test_deduplication.TestPreviousFeaturesStillWork" name="test_divisions_endpoint" time="0.119" /><testcase classname="backend.tests.test_deduplication.TestPreviousFeaturesStillWork" name="test_products_endpoint" time="0.123" /><testcase classname="backend.tests.test_deduplication.TestPreviousFeaturesStillWork" name="test_admin_login" time="0.100" /><testcase classname="backend.tests.test_deduplication.TestPreviousFeaturesStillWork" name="test_admin_imports_endpoint" time="0.227" /><testcase classname="backend.tests.test_deduplication.TestCleanup" name="test_cleanup_test_data" time="0.226" /></testsuite></testsuites>