<?xml version="1.0" encoding="utf-8"?><testsuites name="pytest tests"><testsuite name="pytest" errors="0" failures="0" skipped="0" tests="26" time="3.398" timestamp="2026-03-28T10:55:51.938956+00:00" hostname="agent-env-239baf88-ebc0-417c-9dc7-85d672a2a9bf"><testcase classname="backend.tests.test_auto_promote_pipeline.TestReviewStats" name="test_stats_endpoint_returns_200" time="0.372" /><testcase classname="backend.tests.test_auto_promote_pipeline.TestReviewStats" name="test_stats_has_expected_fields" time="0.121" /><testcase classname="backend.tests.test_auto_promote_pipeline.TestReviewStats" name="test_stats_canonical_count_around_1134" time="0.154" /><testcase classname="backend.tests.test_auto_promote_pipeline.TestReviewStats" name="test_stats_pending_review_around_66" time="0.117" /><testcase classname="backend.tests.test_auto_promote_pipeline.TestReviewStats" name="test_stats_promoted_count_around_842" time="0.121" /><testcase classname="backend.tests.test_auto_promote_pipeline.TestReviewStats" name="test_stats_coverage_above_94_percent" time="0.115" /><testcase classname="backend.tests.test_auto_promote_pipeline.TestAutoPromotePreview" name="test_preview_endpoint_returns_200" time="0.135" /><testcase classname="backend.tests.test_auto_promote_pipeline.TestAutoPromotePreview" name="test_preview_has_expected_structure" time="0.117" /><testcase classname="backend.tests.test_auto_promote_pipeline.TestAutoPromotePreview" name="test_preview_lanes_drained_after_execution" time="0.105" /><testcase classname="backend.tests.test_auto_promote_pipeline.TestAutoPromotePreview" name="test_preview_manual_review_around_65" time="0.162" /><testcase classname="backend.tests.test_auto_promote_pipeline.TestAutoPromotePreview" name="test_preview_manual_review_has_reasons" time="0.111" /><testcase classname="backend.tests.test_auto_promote_pipeline.TestAutoPromotePreview" name="test_preview_summary_auto_promotable_zero" time="0.111" /><testcase classname="backend.tests.test_auto_promote_pipeline.TestAutoPromoteExecute" name="test_execute_endpoint_returns_200" time="0.107" /><testcase classname="backend.tests.test_auto_promote_pipeline.TestAutoPromoteExecute" name="test_execute_returns_zero_promoted_after_drain" time="0.129" /><testcase classname="backend.tests.test_auto_promote_pipeline.TestReviewProducts" name="test_products_endpoint_returns_200" time="0.120" /><testcase classname="backend.tests.test_auto_promote_pipeline.TestReviewProducts" name="test_products_has_expected_structure" time="0.106" /><testcase classname="backend.tests.test_auto_promote_pipeline.TestReviewProducts" name="test_products_returns_pending_items" time="0.121" /><testcase classname="backend.tests.test_auto_promote_pipeline.TestReviewProducts" name="test_products_division_filter_ent" time="0.095" /><testcase classname="backend.tests.test_auto_promote_pipeline.TestReviewProducts" name="test_products_have_required_fields" time="0.130" /><testcase classname="backend.tests.test_auto_promote_pipeline.TestCatalogDivisions" name="test_divisions_endpoint_returns_200" time="0.113" /><testcase classname="backend.tests.test_auto_promote_pipeline.TestCatalogDivisions" name="test_divisions_returns_4_pilot_divisions" time="0.113" /><testcase classname="backend.tests.test_auto_promote_pipeline.TestCatalogDivisions" name="test_divisions_have_product_counts" time="0.105" /><testcase classname="backend.tests.test_auto_promote_pipeline.TestSmartSuggestions" name="test_smart_suggestions_returns_200" time="0.097" /><testcase classname="backend.tests.test_auto_promote_pipeline.TestSmartSuggestions" name="test_smart_suggestions_has_summary" time="0.114" /><testcase classname="backend.tests.test_auto_promote_pipeline.TestFamilies" name="test_families_returns_200" time="0.103" /><testcase classname="backend.tests.test_auto_promote_pipeline.TestFamilies" name="test_families_has_expected_structure" time="0.116" /></testsuite></testsuites>