<?xml version="1.0" encoding="utf-8"?><testsuites name="pytest tests"><testsuite name="pytest" errors="0" failures="0" skipped="0" tests="10" time="2.014" timestamp="2026-04-19T13:26:48.790526+00:00" hostname="agent-env-bd0819d6-0574-4c76-98d0-e7e1094f60e7"><testcase classname="backend.tests.test_whatsapp_funnel_iter66" name="test_welcome_menu_shows_13_divisions" time="0.294" /><testcase classname="backend.tests.test_whatsapp_funnel_iter66" name="test_pick_division_1_trauma_shows_products" time="0.152" /><testcase classname="backend.tests.test_whatsapp_funnel_iter66" name="test_pick_product_a_shows_detail_and_ctas" time="0.207" /><testcase classname="backend.tests.test_whatsapp_funnel_iter66" name="test_quote_request_creates_hot_lead" time="0.305" /><testcase classname="backend.tests.test_whatsapp_funnel_iter66" name="test_brochure_reply_contains_agileortho_url" time="0.259" /><testcase classname="backend.tests.test_whatsapp_funnel_iter66" name="test_keyword_trauma_plate_jumps_to_trauma_products" time="0.122" /><testcase classname="backend.tests.test_whatsapp_funnel_iter66" name="test_funnel_reset_clears_state" time="0.180" /><testcase classname="backend.tests.test_whatsapp_funnel_iter66" name="test_funnel_analytics_shape" time="0.054" /><testcase classname="backend.tests.test_whatsapp_funnel_iter66" name="test_unrecognised_input_returns_handled_false" time="0.153" /><testcase classname="backend.tests.test_whatsapp_funnel_iter66" name="test_funnel_endpoints_require_admin" time="0.219" /></testsuite></testsuites>