<?xml version="1.0" encoding="utf-8"?><testsuites name="pytest tests"><testsuite name="pytest" errors="0" failures="0" skipped="0" tests="13" time="2.341" timestamp="2026-04-17T07:21:49.936212+00:00" hostname="agent-env-c3dcd73c-c8eb-4664-b8f5-0c7c56c9f3db"><testcase classname="tests.test_knowledge_graph_iter63.TestKnowledgeGraphPublicAPI" name="test_recommendations_returns_200_for_known_product" time="0.264" /><testcase classname="tests.test_knowledge_graph_iter63.TestKnowledgeGraphPublicAPI" name="test_recommendations_must_buy_structure" time="0.107" /><testcase classname="tests.test_knowledge_graph_iter63.TestKnowledgeGraphPublicAPI" name="test_recommendations_bundle_structure" time="0.149" /><testcase classname="tests.test_knowledge_graph_iter63.TestKnowledgeGraphPublicAPI" name="test_recommendations_returns_404_for_unknown_slug" time="0.106" /><testcase classname="tests.test_knowledge_graph_iter63.TestKnowledgeGraphPublicAPI" name="test_recommendations_no_mongodb_id_leak" time="0.108" /><testcase classname="tests.test_knowledge_graph_iter63.TestKnowledgeGraphAdminAPI" name="test_stats_requires_auth" time="0.149" /><testcase classname="tests.test_knowledge_graph_iter63.TestKnowledgeGraphAdminAPI" name="test_rebuild_requires_auth" time="0.115" /><testcase classname="tests.test_knowledge_graph_iter63.TestKnowledgeGraphAdminAPI" name="test_stats_with_auth" time="0.278" /><testcase classname="tests.test_knowledge_graph_iter63.TestKnowledgeGraphAdminAPI" name="test_rebuild_with_auth" time="0.377" /><testcase classname="tests.test_knowledge_graph_iter63.TestRequiresConfidenceScoring" name="test_requires_confidence_values" time="0.170" /><testcase classname="tests.test_knowledge_graph_iter63.TestDiameterMatching" name="test_diameter_in_reason_is_valid" time="0.106" /><testcase classname="tests.test_knowledge_graph_iter63.TestRegressionRelatedProducts" name="test_related_products_endpoint_still_works" time="0.105" /><testcase classname="tests.test_knowledge_graph_iter63.TestEdgeCases" name="test_recommendations_for_product_without_relationships" time="0.237" /></testsuite></testsuites>