<?xml version="1.0" encoding="utf-8"?><testsuites name="pytest tests"><testsuite name="pytest" errors="0" failures="0" skipped="0" tests="13" time="1.612" timestamp="2026-03-30T06:07:32.349422+00:00" hostname="agent-env-3ffc5f9e-8378-4a93-bb7b-dbda3d26c034"><testcase classname="backend.tests.test_prerender_iter60.TestPrerenderProduct" name="test_prerender_product_mboss_screw_system_returns_200" time="0.258" /><testcase classname="backend.tests.test_prerender_iter60.TestPrerenderProduct" name="test_prerender_product_mboss_has_correct_title" time="0.103" /><testcase classname="backend.tests.test_prerender_iter60.TestPrerenderProduct" name="test_prerender_product_mboss_has_json_ld_product_schema" time="0.104" /><testcase classname="backend.tests.test_prerender_iter60.TestPrerenderProduct" name="test_prerender_product_nonexistent_returns_404" time="0.106" /><testcase classname="backend.tests.test_prerender_iter60.TestPrerenderCatalog" name="test_prerender_catalog_returns_200" time="0.108" /><testcase classname="backend.tests.test_prerender_iter60.TestPrerenderCatalog" name="test_prerender_catalog_lists_divisions" time="0.110" /><testcase classname="backend.tests.test_prerender_iter60.TestPrerenderDivision" name="test_prerender_division_trauma_returns_200" time="0.118" /><testcase classname="backend.tests.test_prerender_iter60.TestPrerenderDivision" name="test_prerender_division_trauma_has_products" time="0.111" /><testcase classname="backend.tests.test_prerender_iter60.TestPrerenderDistrict" name="test_prerender_district_hyderabad_returns_200" time="0.106" /><testcase classname="backend.tests.test_prerender_iter60.TestPrerenderDistrict" name="test_prerender_district_hyderabad_has_content" time="0.101" /><testcase classname="backend.tests.test_prerender_iter60.TestPrerenderDistrict" name="test_prerender_district_hyderabad_has_medical_business_schema" time="0.115" /><testcase classname="backend.tests.test_prerender_iter60.TestPrerenderDistrict" name="test_prerender_district_warangal_returns_200" time="0.104" /><testcase classname="backend.tests.test_prerender_iter60.TestAdminLogin" name="test_admin_login_works" time="0.096" /></testsuite></testsuites>