<?xml version="1.0" encoding="utf-8"?><testsuites name="pytest tests"><testsuite name="pytest" errors="0" failures="0" skipped="0" tests="14" time="2.073" timestamp="2026-04-19T08:23:04.650760+00:00" hostname="agent-env-c3dcd73c-c8eb-4664-b8f5-0c7c56c9f3db"><testcase classname="tests.test_admin_split_iter64.TestChatbotEndpoints" name="test_chatbot_suggestions_returns_array" time="0.142" /><testcase classname="tests.test_admin_split_iter64.TestChatbotEndpoints" name="test_chatbot_query_returns_correct_shape" time="0.106" /><testcase classname="tests.test_admin_split_iter64.TestChatbotEndpoints" name="test_chatbot_query_requires_question" time="0.113" /><testcase classname="tests.test_admin_split_iter64.TestChatbotEndpoints" name="test_chatbot_history_new_session" time="0.101" /><testcase classname="tests.test_admin_split_iter64.TestChatbotEndpoints" name="test_chatbot_history_existing_session" time="0.209" /><testcase classname="tests.test_admin_split_iter64.TestAdminLogin" name="test_admin_login_success" time="0.139" /><testcase classname="tests.test_admin_split_iter64.TestAdminLogin" name="test_admin_login_wrong_password" time="0.108" /><testcase classname="tests.test_admin_split_iter64.TestAdminEndpoints" name="test_admin_stats_requires_auth" time="0.092" /><testcase classname="tests.test_admin_split_iter64.TestAdminEndpoints" name="test_admin_stats_with_auth" time="0.213" /><testcase classname="tests.test_admin_split_iter64.TestAdminEndpoints" name="test_admin_pipeline_requires_auth" time="0.101" /><testcase classname="tests.test_admin_split_iter64.TestAdminEndpoints" name="test_admin_pipeline_with_auth" time="0.232" /><testcase classname="tests.test_admin_split_iter64.TestAdminEndpoints" name="test_admin_analytics_requires_auth" time="0.114" /><testcase classname="tests.test_admin_split_iter64.TestAdminEndpoints" name="test_admin_analytics_with_auth" time="0.224" /><testcase classname="tests.test_admin_split_iter64.TestCatalogRegression" name="test_catalog_products_endpoint" time="0.106" /></testsuite></testsuites>