<?xml version="1.0" encoding="utf-8"?><testsuites name="pytest tests"><testsuite name="pytest" errors="0" failures="0" skipped="0" tests="12" time="3.258" timestamp="2026-03-26T05:35:20.419685+00:00" hostname="agent-env-8af8267a-a05d-47db-b876-e23c1eb9d42b"><testcase classname="backend.tests.test_iteration23_features.TestDivisionsNoTrauma" name="test_divisions_endpoint_returns_11_divisions" time="0.270" /><testcase classname="backend.tests.test_iteration23_features.TestProductsWithImages" name="test_products_endpoint_returns_images_array" time="0.159" /><testcase classname="backend.tests.test_iteration23_features.TestProductsWithImages" name="test_cardiovascular_division_has_most_images" time="0.103" /><testcase classname="backend.tests.test_iteration23_features.TestProductDetailKeyFeatures" name="test_product_detail_technical_specifications_structure" time="1.004" /><testcase classname="backend.tests.test_iteration23_features.TestAdminLogin" name="test_admin_login_success" time="0.102" /><testcase classname="backend.tests.test_iteration23_features.TestAdminLogin" name="test_admin_login_invalid_password" time="0.143" /><testcase classname="backend.tests.test_iteration23_features.TestAdminProductsPage" name="test_admin_products_list" time="0.271" /><testcase classname="backend.tests.test_iteration23_features.TestAdminProductsPage" name="test_admin_products_shows_image_thumbnails" time="0.214" /><testcase classname="backend.tests.test_iteration23_features.TestBrochureExtractionEndpoints" name="test_brochure_extraction_status_endpoint" time="0.195" /><testcase classname="backend.tests.test_iteration23_features.TestBrochureExtractionEndpoints" name="test_products_without_images_endpoint" time="0.201" /><testcase classname="backend.tests.test_iteration23_features.TestProductCount" name="test_total_products_after_cleanup" time="0.111" /><testcase classname="backend.tests.test_iteration23_features.TestFileServing" name="test_file_endpoint_exists" time="0.419" /></testsuite></testsuites>