<?xml version="1.0" encoding="utf-8"?><testsuites name="pytest tests"><testsuite name="pytest" errors="0" failures="0" skipped="0" tests="11" time="1.971" timestamp="2026-04-19T12:03:04.582746+00:00" hostname="agent-env-bd0819d6-0574-4c76-98d0-e7e1094f60e7"><testcase classname="backend.tests.test_admin_enhancements_iter65.TestAdminStats" name="test_stats_endpoint_returns_new_kpi_fields" time="0.438" /><testcase classname="backend.tests.test_admin_enhancements_iter65.TestAdminStats" name="test_stats_has_knowledge_graph_block" time="0.153" /><testcase classname="backend.tests.test_admin_enhancements_iter65.TestAdminStats" name="test_stats_requires_auth" time="0.102" /><testcase classname="backend.tests.test_admin_enhancements_iter65.TestKnowledgeGraph" name="test_kg_stats_auth_required" time="0.109" /><testcase classname="backend.tests.test_admin_enhancements_iter65.TestKnowledgeGraph" name="test_kg_stats_returns_object" time="0.131" /><testcase classname="backend.tests.test_admin_enhancements_iter65.TestKnowledgeGraph" name="test_kg_top_auth_required" time="0.167" /><testcase classname="backend.tests.test_admin_enhancements_iter65.TestKnowledgeGraph" name="test_kg_top_returns_products" time="0.108" /><testcase classname="backend.tests.test_admin_enhancements_iter65.TestKnowledgeGraph" name="test_kg_rebuild_auth_required" time="0.121" /><testcase classname="backend.tests.test_admin_enhancements_iter65.TestLeadsScoreReasoning" name="test_list_leads_includes_score_reasoning" time="0.125" /><testcase classname="backend.tests.test_admin_enhancements_iter65.TestLeadsScoreReasoning" name="test_get_single_lead_includes_score_reasoning" time="0.251" /><testcase classname="backend.tests.test_admin_enhancements_iter65.TestLeadsScoreReasoning" name="test_put_lead_response_includes_score_reasoning" time="0.200" /></testsuite></testsuites>