<?xml version="1.0" encoding="utf-8"?><testsuites name="pytest tests"><testsuite name="pytest" errors="0" failures="0" skipped="0" tests="16" time="2.409" timestamp="2026-03-26T06:42:47.359530+00:00" hostname="agent-env-8af8267a-a05d-47db-b876-e23c1eb9d42b"><testcase classname="backend.tests.test_homepage_redesign.TestHealthAndBasics" name="test_health_endpoint" time="0.232" /><testcase classname="backend.tests.test_homepage_redesign.TestDivisionsAPI" name="test_divisions_returns_10_divisions" time="0.102" /><testcase classname="backend.tests.test_homepage_redesign.TestDivisionsAPI" name="test_divisions_have_product_counts" time="0.136" /><testcase classname="backend.tests.test_homepage_redesign.TestDivisionsAPI" name="test_divisions_include_expected_names" time="0.138" /><testcase classname="backend.tests.test_homepage_redesign.TestFeaturedProductsAPI" name="test_featured_products_endpoint_exists" time="0.115" /><testcase classname="backend.tests.test_homepage_redesign.TestFeaturedProductsAPI" name="test_featured_products_returns_diverse_divisions" time="0.114" /><testcase classname="backend.tests.test_homepage_redesign.TestFeaturedProductsAPI" name="test_featured_products_have_images" time="0.109" /><testcase classname="backend.tests.test_homepage_redesign.TestFeaturedProductsAPI" name="test_featured_products_max_8" time="0.148" /><testcase classname="backend.tests.test_homepage_redesign.TestProductsAPI" name="test_products_list" time="0.114" /><testcase classname="backend.tests.test_homepage_redesign.TestProductsAPI" name="test_products_filter_by_division" time="0.105" /><testcase classname="backend.tests.test_homepage_redesign.TestAdminAuth" name="test_admin_login_success" time="0.099" /><testcase classname="backend.tests.test_homepage_redesign.TestAdminAuth" name="test_admin_login_failure" time="0.097" /><testcase classname="backend.tests.test_homepage_redesign.TestAdminStats" name="test_admin_stats_requires_auth" time="0.115" /><testcase classname="backend.tests.test_homepage_redesign.TestAdminStats" name="test_admin_stats_returns_lead_counts" time="0.197" /><testcase classname="backend.tests.test_homepage_redesign.TestAdminStats" name="test_admin_stats_lead_counts_sum_correctly" time="0.225" /><testcase classname="backend.tests.test_homepage_redesign.TestAdminStats" name="test_admin_stats_products_by_division" time="0.289" /></testsuite></testsuites>